<?xml version="1.0" encoding="UTF-8"?>
<!-- Generated by org.testng.reporters.JUnitXMLReporter -->
<testsuite ignored="0" hostname="DESKTOP-E72FQAM" failures="0" tests="1" name="Test" time="0.166" errors="0" timestamp="02 Mar 2020 00:19:54 GMT">
  <testcase classname="DemoFramework.baseTest" name="@AfterClass closeBrowser" time="0.001">
    <failure type="java.lang.NullPointerException">
      <![CDATA[java.lang.NullPointerException
at DemoFramework.baseTest.closeBrowser(baseTest.java:84)
... Removed 26 stack frames]]>
    </failure>
  </testcase> <!-- @AfterClass closeBrowser -->
  <testcase classname="TestDriver.LoginTest" name="doLogging" time="0.0">
    <skipped/>
  </testcase> <!-- doLogging -->
</testsuite> <!-- Test -->
